D:\Вчусь\GL\GL_BASE_CAMP\Наслідування\TASK9\DEBUG\TASK9.EXE
D:\Вчусь\GL\GL_BASE_CAMP\Наслідування\TASK9\DEBUG\TASK9.ILK
D:\Вчусь\GL\GL_Base_Camp\Наслідування\task9\Debug\task9.pdb
D:\Вчусь\GL\GL_Base_Camp\Наслідування\task9\task9\Debug\cl.command.1.tlog
D:\Вчусь\GL\GL_Base_Camp\Наслідування\task9\task9\Debug\CL.read.1.tlog
D:\Вчусь\GL\GL_Base_Camp\Наслідування\task9\task9\Debug\CL.write.1.tlog
D:\Вчусь\GL\GL_Base_Camp\Наслідування\task9\task9\Debug\link.1156.read.1.tlog
D:\Вчусь\GL\GL_Base_Camp\Наслідування\task9\task9\Debug\link.1156.write.1.tlog
D:\Вчусь\GL\GL_Base_Camp\Наслідування\task9\task9\Debug\link.1156-cvtres.read.1.tlog
D:\Вчусь\GL\GL_Base_Camp\Наслідування\task9\task9\Debug\link.1156-cvtres.write.1.tlog
D:\Вчусь\GL\GL_Base_Camp\Наслідування\task9\task9\Debug\link.command.1.tlog
D:\Вчусь\GL\GL_Base_Camp\Наслідування\task9\task9\Debug\link.read.1.tlog
D:\Вчусь\GL\GL_Base_Camp\Наслідування\task9\task9\Debug\link.write.1.tlog
D:\Вчусь\GL\GL_Base_Camp\Наслідування\task9\task9\Debug\link-cvtres.read.1.tlog
D:\Вчусь\GL\GL_Base_Camp\Наслідування\task9\task9\Debug\link-cvtres.write.1.tlog
D:\Вчусь\GL\GL_Base_Camp\Наслідування\task9\task9\Debug\mt.command.1.tlog
D:\Вчусь\GL\GL_Base_Camp\Наслідування\task9\task9\Debug\mt.read.1.tlog
D:\Вчусь\GL\GL_Base_Camp\Наслідування\task9\task9\Debug\mt.write.1.tlog
D:\Вчусь\GL\GL_Base_Camp\Наслідування\task9\task9\Debug\rc.command.1.tlog
D:\Вчусь\GL\GL_Base_Camp\Наслідування\task9\task9\Debug\rc.read.1.tlog
D:\Вчусь\GL\GL_Base_Camp\Наслідування\task9\task9\Debug\rc.write.1.tlog
D:\Вчусь\GL\GL_BASE_CAMP\Наслідування\TASK9\TASK9\DEBUG\STDAFX.OBJ
D:\Вчусь\GL\GL_BASE_CAMP\Наслідування\TASK9\TASK9\DEBUG\TASK9.EXE.EMBED.MANIFEST
D:\Вчусь\GL\GL_BASE_CAMP\Наслідування\TASK9\TASK9\DEBUG\TASK9.EXE.EMBED.MANIFEST.RES
D:\Вчусь\GL\GL_BASE_CAMP\Наслідування\TASK9\TASK9\DEBUG\TASK9.EXE.INTERMEDIATE.MANIFEST
D:\Вчусь\GL\GL_BASE_CAMP\Наслідування\TASK9\TASK9\DEBUG\TASK9.OBJ
D:\Вчусь\GL\GL_BASE_CAMP\Наслідування\TASK9\TASK9\DEBUG\TASK9.PCH
D:\Вчусь\GL\GL_Base_Camp\Наслідування\task9\task9\Debug\task9_manifest.rc
D:\Вчусь\GL\GL_Base_Camp\Наслідування\task9\task9\Debug\vc100.idb
D:\Вчусь\GL\GL_Base_Camp\Наслідування\task9\task9\Debug\vc100.pdb
D:\ВЧУСЬ\GL\GL_BASE_CAMP\НАСЛІДУВАННЯ\TASK9\DEBUG\TASK9.PDB
D:\ВЧУСЬ\GL\GL_BASE_CAMP\НАСЛІДУВАННЯ\TASK9\TASK9\DEBUG\VC100.PDB
