Build started 15.03.2012 12:28:14.
Project "D:\Вчусь\GL\GL_Base_Camp\task\Наслідування\task11\task11\task11.vcxproj" on node 2 (build target(s)).
InitializeBuildStatus:
  Creating "Debug\task11.unsuccessfulbuild" because "AlwaysCreate" was specified.
ClCompile:
  f:\VisualStudio\VC\bin\CL.exe /c /ZI /nologo /W3 /WX- /Od /Oy- /D WIN32 /D _DEBUG /D _CONSOLE /D _UNICODE /D UNICODE /Gm /EHsc /RTC1 /MDd /GS /fp:precise /Zc:wchar_t /Zc:forScope /Yc"StdAfx.h" /Fp"Debug\task11.pch" /Fo"Debug\\" /Fd"Debug\vc100.pdb" /Gd /TP /analyze- /errorReport:prompt stdafx.cpp
  stdafx.cpp
  f:\VisualStudio\VC\bin\CL.exe /c /ZI /nologo /W3 /WX- /Od /Oy- /D WIN32 /D _DEBUG /D _CONSOLE /D _UNICODE /D UNICODE /Gm /EHsc /RTC1 /MDd /GS /fp:precise /Zc:wchar_t /Zc:forScope /Yu"StdAfx.h" /Fp"Debug\task11.pch" /Fo"Debug\\" /Fd"Debug\vc100.pdb" /Gd /TP /analyze- /errorReport:prompt task11.cpp
  task11.cpp
d:\вчусь\gl\gl_base_camp\task\наслідування\task11\task11\task11_op.h(20): warning C4996: 'strcat': This function or variable may be unsafe. Consider using strcat_s instead. To disable deprecation, use _CRT_SECURE_NO_WARNINGS. See online help for details.
          f:\visualstudio\vc\include\string.h(110) : see declaration of 'strcat'
d:\вчусь\gl\gl_base_camp\task\наслідування\task11\task11\task11.cpp(59): warning C4996: 'strcpy': This function or variable may be unsafe. Consider using strcpy_s instead. To disable deprecation, use _CRT_SECURE_NO_WARNINGS. See online help for details.
          f:\visualstudio\vc\include\string.h(105) : see declaration of 'strcpy'
d:\вчусь\gl\gl_base_camp\task\наслідування\task11\task11\task11.cpp(112): warning C4996: 'strcpy': This function or variable may be unsafe. Consider using strcpy_s instead. To disable deprecation, use _CRT_SECURE_NO_WARNINGS. See online help for details.
          f:\visualstudio\vc\include\string.h(105) : see declaration of 'strcpy'
ManifestResourceCompile:
  C:\Program Files\Microsoft SDKs\Windows\v7.0A\bin\rc.exe /nologo /fo"Debug\task11.exe.embed.manifest.res" Debug\task11_manifest.rc 
Link:
  f:\VisualStudio\VC\bin\link.exe /ERRORREPORT:PROMPT /OUT:"D:\Вчусь\GL\GL_Base_Camp\task\Наслідування\task11\Debug\task11.exe" /INCREMENTAL /NOLOGO kernel32.lib user32.lib gdi32.lib winspool.lib comdlg32.lib advapi32.lib shell32.lib ole32.lib oleaut32.lib uuid.lib odbc32.lib odbccp32.lib /MANIFEST /ManifestFile:"Debug\task11.exe.intermediate.manifest" /MANIFESTUAC:"level='asInvoker' uiAccess='false'" /DEBUG /PDB:"D:\Вчусь\GL\GL_Base_Camp\task\Наслідування\task11\Debug\task11.pdb" /SUBSYSTEM:CONSOLE /TLBID:1 /DYNAMICBASE /NXCOMPAT /IMPLIB:"D:\Вчусь\GL\GL_Base_Camp\task\Наслідування\task11\Debug\task11.lib" /MACHINE:X86 Debug\task11.exe.embed.manifest.res
  Debug\stdafx.obj
  Debug\task11.obj
Manifest:
  C:\Program Files\Microsoft SDKs\Windows\v7.0A\bin\mt.exe /nologo /verbose /out:"Debug\task11.exe.embed.manifest" /manifest Debug\task11.exe.intermediate.manifest
  All outputs are up-to-date.
LinkEmbedManifest:
  All outputs are up-to-date.
  task11.vcxproj -> D:\Вчусь\GL\GL_Base_Camp\task\Наслідування\task11\Debug\task11.exe
FinalizeBuildStatus:
  Deleting file "Debug\task11.unsuccessfulbuild".
  Touching "Debug\task11.lastbuildstate".
Done Building Project "D:\Вчусь\GL\GL_Base_Camp\task\Наслідування\task11\task11\task11.vcxproj" (build target(s)).

Build succeeded.

Time Elapsed 00:00:04.35
