D:\Вчусь\GL\GL_BASE_CAMP\Наслідування\TASK11\DEBUG\TASK11.EXE
D:\Вчусь\GL\GL_BASE_CAMP\Наслідування\TASK11\DEBUG\TASK11.ILK
D:\Вчусь\GL\GL_Base_Camp\Наслідування\task11\Debug\task11.pdb
D:\Вчусь\GL\GL_Base_Camp\Наслідування\task11\task11\Debug\cl.command.1.tlog
D:\Вчусь\GL\GL_Base_Camp\Наслідування\task11\task11\Debug\CL.read.1.tlog
D:\Вчусь\GL\GL_Base_Camp\Наслідування\task11\task11\Debug\CL.write.1.tlog
D:\Вчусь\GL\GL_Base_Camp\Наслідування\task11\task11\Debug\link.1616.read.1.tlog
D:\Вчусь\GL\GL_Base_Camp\Наслідування\task11\task11\Debug\link.1616.write.1.tlog
D:\Вчусь\GL\GL_Base_Camp\Наслідування\task11\task11\Debug\link.1616-cvtres.read.1.tlog
D:\Вчусь\GL\GL_Base_Camp\Наслідування\task11\task11\Debug\link.1616-cvtres.write.1.tlog
D:\Вчусь\GL\GL_Base_Camp\Наслідування\task11\task11\Debug\link.2532.read.1.tlog
D:\Вчусь\GL\GL_Base_Camp\Наслідування\task11\task11\Debug\link.2532.write.1.tlog
D:\Вчусь\GL\GL_Base_Camp\Наслідування\task11\task11\Debug\link.2532-cvtres.read.1.tlog
D:\Вчусь\GL\GL_Base_Camp\Наслідування\task11\task11\Debug\link.2532-cvtres.write.1.tlog
D:\Вчусь\GL\GL_Base_Camp\Наслідування\task11\task11\Debug\link.2956.read.1.tlog
D:\Вчусь\GL\GL_Base_Camp\Наслідування\task11\task11\Debug\link.2956.write.1.tlog
D:\Вчусь\GL\GL_Base_Camp\Наслідування\task11\task11\Debug\link.2956-cvtres.read.1.tlog
D:\Вчусь\GL\GL_Base_Camp\Наслідування\task11\task11\Debug\link.2956-cvtres.write.1.tlog
D:\Вчусь\GL\GL_Base_Camp\Наслідування\task11\task11\Debug\link.command.1.tlog
D:\Вчусь\GL\GL_Base_Camp\Наслідування\task11\task11\Debug\link.read.1.tlog
D:\Вчусь\GL\GL_Base_Camp\Наслідування\task11\task11\Debug\link.write.1.tlog
D:\Вчусь\GL\GL_Base_Camp\Наслідування\task11\task11\Debug\link-cvtres.read.1.tlog
D:\Вчусь\GL\GL_Base_Camp\Наслідування\task11\task11\Debug\link-cvtres.write.1.tlog
D:\Вчусь\GL\GL_Base_Camp\Наслідування\task11\task11\Debug\mt.command.1.tlog
D:\Вчусь\GL\GL_Base_Camp\Наслідування\task11\task11\Debug\mt.read.1.tlog
D:\Вчусь\GL\GL_Base_Camp\Наслідування\task11\task11\Debug\mt.write.1.tlog
D:\Вчусь\GL\GL_Base_Camp\Наслідування\task11\task11\Debug\rc.command.1.tlog
D:\Вчусь\GL\GL_Base_Camp\Наслідування\task11\task11\Debug\rc.read.1.tlog
D:\Вчусь\GL\GL_Base_Camp\Наслідування\task11\task11\Debug\rc.write.1.tlog
D:\Вчусь\GL\GL_BASE_CAMP\Наслідування\TASK11\TASK11\DEBUG\STDAFX.OBJ
D:\Вчусь\GL\GL_BASE_CAMP\Наслідування\TASK11\TASK11\DEBUG\TASK11.EXE.EMBED.MANIFEST
D:\Вчусь\GL\GL_BASE_CAMP\Наслідування\TASK11\TASK11\DEBUG\TASK11.EXE.EMBED.MANIFEST.RES
D:\Вчусь\GL\GL_BASE_CAMP\Наслідування\TASK11\TASK11\DEBUG\TASK11.EXE.INTERMEDIATE.MANIFEST
D:\Вчусь\GL\GL_BASE_CAMP\Наслідування\TASK11\TASK11\DEBUG\TASK11.OBJ
D:\Вчусь\GL\GL_BASE_CAMP\Наслідування\TASK11\TASK11\DEBUG\TASK11.PCH
D:\Вчусь\GL\GL_Base_Camp\Наслідування\task11\task11\Debug\task11_manifest.rc
D:\Вчусь\GL\GL_Base_Camp\Наслідування\task11\task11\Debug\vc100.idb
D:\Вчусь\GL\GL_Base_Camp\Наслідування\task11\task11\Debug\vc100.pdb
D:\ВЧУСЬ\GL\GL_BASE_CAMP\НАСЛІДУВАННЯ\TASK11\DEBUG\TASK11.PDB
D:\ВЧУСЬ\GL\GL_BASE_CAMP\НАСЛІДУВАННЯ\TASK11\TASK11\DEBUG\VC100.PDB
